<?xml version="1.0" encoding="UTF-8" ?>
<testsuite failures="1" time="0.002" errors="0" skipped="0" tests="2" name="com.weather.unittest.TestCityWeather2">
  <properties>
[...]
</properties>
  <testcase time="0" classname="com.weather.unittest.TestCityWeather2" name="com.weather.unittest.TestCityWeather2.testPrintHelloWorld1"/>
  <testcase time="0.002" classname="com.weather.unittest.TestCityWeather2" name="com.weather.unittest.TestCityWeather2.testPrintHelloWorld">
    <failure message="expected:&lt;...1&gt; but was:&lt;...&gt;" type="junit.framework.ComparisonFailure">junit.framework.ComparisonFailure: expected:&lt;...1&gt; but was:&lt;...&gt;
	at junit.framework.Assert.assertEquals(Assert.java:81)
	at junit.framework.Assert.assertEquals(Assert.java:87)
	at com.weather.unittest.TestCityWeather2.testPrintHelloWorld(TestCityWeather2.java:9)
</failure>
  </testcase>
</testsuite>